[2023-05-12 14:48:59] local.ERROR: unable to open image 'D:\OSPANEL\OSPanel\domains\UploadFileMainProject\UploadFile\storage\app/images/283FcrJ2gZMVb/172RGOcPbzDEA.png': No such file or directory @ error/blob.c/OpenBlob/3527  
[2023-05-12 14:48:59] local.ERROR: unable to open image 'D:\OSPANEL\OSPanel\domains\UploadFileMainProject\UploadFile\storage\app/images/283FcrJ2gZMVb/272lWksakkU44.png': No such file or directory @ error/blob.c/OpenBlob/3527  
[2023-05-12 14:48:59] local.ERROR: unable to open image 'D:\OSPANEL\OSPanel\domains\UploadFileMainProject\UploadFile\storage\app/images/283FcrJ2gZMVb/303Lc7MtLykP6.png': No such file or directory @ error/blob.c/OpenBlob/3527  
[2023-05-12 14:48:59] local.ERROR: unable to open image 'D:\OSPANEL\OSPanel\domains\UploadFileMainProject\UploadFile\storage\app/images/283FcrJ2gZMVb/3823tMaycz1Qp.png': No such file or directory @ error/blob.c/OpenBlob/3527  
[2023-05-12 14:49:00] local.ERROR: unable to open image 'D:\OSPANEL\OSPanel\domains\UploadFileMainProject\UploadFile\storage\app/images/283FcrJ2gZMVb/3944baVt6rPCG.png': No such file or directory @ error/blob.c/OpenBlob/3527  
[2023-05-12 14:49:00] local.ERROR: unable to open image 'D:\OSPANEL\OSPanel\domains\UploadFileMainProject\UploadFile\storage\app/images/283FcrJ2gZMVb/399D6FS6ASOyf.png': No such file or directory @ error/blob.c/OpenBlob/3527  
[2023-05-12 14:49:00] local.ERROR: unable to open image 'D:\OSPANEL\OSPanel\domains\UploadFileMainProject\UploadFile\storage\app/images/283FcrJ2gZMVb/47eUTLWRfgwr.png': No such file or directory @ error/blob.c/OpenBlob/3527  
[2023-05-12 14:49:00] local.ERROR: unable to open image 'D:\OSPANEL\OSPanel\domains\UploadFileMainProject\UploadFile\storage\app/images/283FcrJ2gZMVb/502Qc896vySKu.png': No such file or directory @ error/blob.c/OpenBlob/3527  
[2023-05-12 14:49:01] local.ERROR: unable to open image 'D:\OSPANEL\OSPanel\domains\UploadFileMainProject\UploadFile\storage\app/images/283FcrJ2gZMVb/554vNoGgu7SBu.png': No such file or directory @ error/blob.c/OpenBlob/3527  
[2023-05-12 14:49:01] local.ERROR: unable to open image 'D:\OSPANEL\OSPanel\domains\UploadFileMainProject\UploadFile\storage\app/images/283FcrJ2gZMVb/637fsczmXKO1V.png': No such file or directory @ error/blob.c/OpenBlob/3527  
[2023-05-12 14:49:01] local.ERROR: unable to open image 'D:\OSPANEL\OSPanel\domains\UploadFileMainProject\UploadFile\storage\app/images/283FcrJ2gZMVb/680DxmTVNz7Zc.png': No such file or directory @ error/blob.c/OpenBlob/3527  
[2023-05-12 14:49:01] local.ERROR: unable to open image 'D:\OSPANEL\OSPanel\domains\UploadFileMainProject\UploadFile\storage\app/images/283FcrJ2gZMVb/721VNdJle1HTG.png': No such file or directory @ error/blob.c/OpenBlob/3527  
[2023-05-12 14:49:03] local.ERROR: unable to open image 'D:\OSPANEL\OSPanel\domains\UploadFileMainProject\UploadFile\storage\app/images/283FcrJ2gZMVb/762347ReCi1Bq.png': No such file or directory @ error/blob.c/OpenBlob/3527  
[2023-05-12 14:49:03] local.ERROR: unable to open image 'D:\OSPANEL\OSPanel\domains\UploadFileMainProject\UploadFile\storage\app/images/283FcrJ2gZMVb/784JuDuesyoMo.png': No such file or directory @ error/blob.c/OpenBlob/3527  
[2023-05-12 14:49:03] local.ERROR: unable to open image 'D:\OSPANEL\OSPanel\domains\UploadFileMainProject\UploadFile\storage\app/images/283FcrJ2gZMVb/78616BTisMSsm.png': No such file or directory @ error/blob.c/OpenBlob/3527  
[2023-05-12 14:49:03] local.ERROR: unable to open image 'D:\OSPANEL\OSPanel\domains\UploadFileMainProject\UploadFile\storage\app/images/283FcrJ2gZMVb/805qysMczqR4C.png': No such file or directory @ error/blob.c/OpenBlob/3527  
[2023-05-12 14:49:03] local.ERROR: unable to open image 'D:\OSPANEL\OSPanel\domains\UploadFileMainProject\UploadFile\storage\app/images/283FcrJ2gZMVb/808aDoH21KGaT.png': No such file or directory @ error/blob.c/OpenBlob/3527  
[2023-05-12 14:49:03] local.ERROR: unable to open image 'D:\OSPANEL\OSPanel\domains\UploadFileMainProject\UploadFile\storage\app/images/283FcrJ2gZMVb/876TycrQ3h8sH.png': No such file or directory @ error/blob.c/OpenBlob/3527  
[2023-05-12 14:49:03] local.ERROR: unable to open image 'D:\OSPANEL\OSPanel\domains\UploadFileMainProject\UploadFile\storage\app/images/283FcrJ2gZMVb/895M9umFzsLNv.png': No such file or directory @ error/blob.c/OpenBlob/3527  
[2023-05-12 14:49:03] local.ERROR: unable to open image 'D:\OSPANEL\OSPanel\domains\UploadFileMainProject\UploadFile\storage\app/images/283FcrJ2gZMVb/963cwcVhYcqjt.png': No such file or directory @ error/blob.c/OpenBlob/3527  
[2023-05-12 14:49:03] local.ERROR: unable to open image 'D:\OSPANEL\OSPanel\domains\UploadFileMainProject\UploadFile\storage\app/images/283FcrJ2gZMVb/969SL2wzFbUSK.png': No such file or directory @ error/blob.c/OpenBlob/3527  
[2023-05-12 14:49:03] local.ERROR: unable to open image 'D:\OSPANEL\OSPanel\domains\UploadFileMainProject\UploadFile\storage\app/images/283FcrJ2gZMVb/9858sWaLbN6co.png': No such file or directory @ error/blob.c/OpenBlob/3527  
[2023-05-12 15:25:45] local.ERROR: unable to open image 'D:\OSPANEL\OSPanel\domains\UploadFileMainProject\UploadFile\storage\app/images/994EbbT2ImnCO/299N2ojhsBqs5.jpg.jpg': No such file or directory @ error/blob.c/OpenBlob/3527  
[2023-05-12 15:26:10] local.ERROR: unable to open image 'D:\OSPANEL\OSPanel\domains\UploadFileMainProject\UploadFile\storage\app/images/46hkKcfHOnjN/215UPM3BRO4oz.jpg.png': No such file or directory @ error/blob.c/OpenBlob/3527  
[2023-05-12 15:26:10] local.ERROR: unable to open image 'D:\OSPANEL\OSPanel\domains\UploadFileMainProject\UploadFile\storage\app/images/46hkKcfHOnjN/276I9BtyKWDSY.jpg.png': No such file or directory @ error/blob.c/OpenBlob/3527  
[2023-05-12 15:26:10] local.ERROR: unable to open image 'D:\OSPANEL\OSPanel\domains\UploadFileMainProject\UploadFile\storage\app/images/46hkKcfHOnjN/2953IF3msWysD.jpg.png': No such file or directory @ error/blob.c/OpenBlob/3527  
[2023-05-12 15:26:10] local.ERROR: unable to open image 'D:\OSPANEL\OSPanel\domains\UploadFileMainProject\UploadFile\storage\app/images/46hkKcfHOnjN/311WpWu16f5sk.png.png': No such file or directory @ error/blob.c/OpenBlob/3527  
[2023-05-12 15:26:10] local.ERROR: unable to open image 'D:\OSPANEL\OSPanel\domains\UploadFileMainProject\UploadFile\storage\app/images/46hkKcfHOnjN/318dqgazgSa6o.jpg.png': No such file or directory @ error/blob.c/OpenBlob/3527  
[2023-05-12 15:26:10] local.ERROR: unable to open image 'D:\OSPANEL\OSPanel\domains\UploadFileMainProject\UploadFile\storage\app/images/46hkKcfHOnjN/328JUzArXN8DS.jpg.png': No such file or directory @ error/blob.c/OpenBlob/3527  
[2023-05-12 15:26:10] local.ERROR: unable to open image 'D:\OSPANEL\OSPanel\domains\UploadFileMainProject\UploadFile\storage\app/images/46hkKcfHOnjN/370oE0rFWY4h9.jpg.png': No such file or directory @ error/blob.c/OpenBlob/3527  
[2023-05-12 15:26:10] local.ERROR: unable to open image 'D:\OSPANEL\OSPanel\domains\UploadFileMainProject\UploadFile\storage\app/images/46hkKcfHOnjN/3836QJ6xP4Fhg.jpg.png': No such file or directory @ error/blob.c/OpenBlob/3527  
[2023-05-12 15:26:10] local.ERROR: unable to open image 'D:\OSPANEL\OSPanel\domains\UploadFileMainProject\UploadFile\storage\app/images/46hkKcfHOnjN/421zy8VLxUDpY.jpg.png': No such file or directory @ error/blob.c/OpenBlob/3527  
[2023-05-12 15:26:10] local.ERROR: unable to open image 'D:\OSPANEL\OSPanel\domains\UploadFileMainProject\UploadFile\storage\app/images/46hkKcfHOnjN/481rboZWp5z7L.jpg.png': No such file or directory @ error/blob.c/OpenBlob/3527  
[2023-05-12 15:26:10] local.ERROR: unable to open image 'D:\OSPANEL\OSPanel\domains\UploadFileMainProject\UploadFile\storage\app/images/46hkKcfHOnjN/519E8TDoLQrEB.jpg.png': No such file or directory @ error/blob.c/OpenBlob/3527  
[2023-05-12 15:26:10] local.ERROR: unable to open image 'D:\OSPANEL\OSPanel\domains\UploadFileMainProject\UploadFile\storage\app/images/46hkKcfHOnjN/55p5E8r1o3QD.png.png': No such file or directory @ error/blob.c/OpenBlob/3527  
[2023-05-12 15:26:10] local.ERROR: unable to open image 'D:\OSPANEL\OSPanel\domains\UploadFileMainProject\UploadFile\storage\app/images/46hkKcfHOnjN/5673k0SZWsH2i.jpg.png': No such file or directory @ error/blob.c/OpenBlob/3527  
[2023-05-12 15:26:10] local.ERROR: unable to open image 'D:\OSPANEL\OSPanel\domains\UploadFileMainProject\UploadFile\storage\app/images/46hkKcfHOnjN/630lWS6Gjngi7.jpg.png': No such file or directory @ error/blob.c/OpenBlob/3527  
[2023-05-12 15:26:10] local.ERROR: unable to open image 'D:\OSPANEL\OSPanel\domains\UploadFileMainProject\UploadFile\storage\app/images/46hkKcfHOnjN/844sspvlTxhGr.jpg.png': No such file or directory @ error/blob.c/OpenBlob/3527  
[2023-05-12 15:26:10] local.ERROR: unable to open image 'D:\OSPANEL\OSPanel\domains\UploadFileMainProject\UploadFile\storage\app/images/46hkKcfHOnjN/864BKDkHU0KjS.jpg.png': No such file or directory @ error/blob.c/OpenBlob/3527  
[2023-05-12 15:26:10] local.ERROR: unable to open image 'D:\OSPANEL\OSPanel\domains\UploadFileMainProject\UploadFile\storage\app/images/46hkKcfHOnjN/8711JBVw1Dk19.jpg.png': No such file or directory @ error/blob.c/OpenBlob/3527  
[2023-05-12 15:26:10] local.ERROR: unable to open image 'D:\OSPANEL\OSPanel\domains\UploadFileMainProject\UploadFile\storage\app/images/46hkKcfHOnjN/950AvJ1R1beqq.jpg.png': No such file or directory @ error/blob.c/OpenBlob/3527  
[2023-05-12 21:08:41] local.ERROR: unable to open image 'D:\OSPANEL\OSPanel\domains\UploadFileMainProject\UploadFile\storage\app/images/898eMoooKrsPy/16109DHDrQ5zm.jpg.png': No such file or directory @ error/blob.c/OpenBlob/3527  
[2023-05-12 21:08:41] local.ERROR: unable to open image 'D:\OSPANEL\OSPanel\domains\UploadFileMainProject\UploadFile\storage\app/images/898eMoooKrsPy/342iRgBOjrtzN.jpg.png': No such file or directory @ error/blob.c/OpenBlob/3527  
[2023-05-12 21:08:41] local.ERROR: unable to open image 'D:\OSPANEL\OSPanel\domains\UploadFileMainProject\UploadFile\storage\app/images/898eMoooKrsPy/377Um11PsOn73.jpg.png': No such file or directory @ error/blob.c/OpenBlob/3527  
[2023-05-12 21:08:41] local.ERROR: unable to open image 'D:\OSPANEL\OSPanel\domains\UploadFileMainProject\UploadFile\storage\app/images/898eMoooKrsPy/4019RnlR5hIMI.jpg.png': No such file or directory @ error/blob.c/OpenBlob/3527  
[2023-05-12 21:08:41] local.ERROR: unable to open image 'D:\OSPANEL\OSPanel\domains\UploadFileMainProject\UploadFile\storage\app/images/898eMoooKrsPy/480M4YhJOC5U6.jpg.png': No such file or directory @ error/blob.c/OpenBlob/3527  
[2023-05-12 21:08:41] local.ERROR: unable to open image 'D:\OSPANEL\OSPanel\domains\UploadFileMainProject\UploadFile\storage\app/images/898eMoooKrsPy/549HboMstXUAh.jpg.png': No such file or directory @ error/blob.c/OpenBlob/3527  
[2023-05-12 21:08:41] local.ERROR: unable to open image 'D:\OSPANEL\OSPanel\domains\UploadFileMainProject\UploadFile\storage\app/images/898eMoooKrsPy/698DauZJRbukF.jpg.png': No such file or directory @ error/blob.c/OpenBlob/3527  
[2023-05-12 21:08:41] local.ERROR: unable to open image 'D:\OSPANEL\OSPanel\domains\UploadFileMainProject\UploadFile\storage\app/images/898eMoooKrsPy/746u8nzMwLHwp.jpg.png': No such file or directory @ error/blob.c/OpenBlob/3527  
[2023-05-12 21:08:41] local.ERROR: unable to open image 'D:\OSPANEL\OSPanel\domains\UploadFileMainProject\UploadFile\storage\app/images/898eMoooKrsPy/960ywQSuTATHX.jpg.png': No such file or directory @ error/blob.c/OpenBlob/3527  
[2023-05-12 21:08:41] local.ERROR: unable to open image 'D:\OSPANEL\OSPanel\domains\UploadFileMainProject\UploadFile\storage\app/images/898eMoooKrsPy/9622IpxXhix8S.jpg.png': No such file or directory @ error/blob.c/OpenBlob/3527  
[2023-05-12 21:08:41] local.ERROR: unable to open image 'D:\OSPANEL\OSPanel\domains\UploadFileMainProject\UploadFile\storage\app/images/898eMoooKrsPy/989g7xxh144No.jpg.png': No such file or directory @ error/blob.c/OpenBlob/3527  
[2023-05-12 21:19:33] local.ERROR: unable to open image 'D:\OSPANEL\OSPanel\domains\UploadFileMainProject\UploadFile\storage\app/images/276JFUxUuHwIU/1623eGRcsbFMr.jpg.png': No such file or directory @ error/blob.c/OpenBlob/3527  
[2023-05-12 21:19:34] local.ERROR: unable to open image 'D:\OSPANEL\OSPanel\domains\UploadFileMainProject\UploadFile\storage\app/images/276JFUxUuHwIU/196pdv6odz3bY.jpg.png': No such file or directory @ error/blob.c/OpenBlob/3527  
[2023-05-12 21:19:34] local.ERROR: unable to open image 'D:\OSPANEL\OSPanel\domains\UploadFileMainProject\UploadFile\storage\app/images/276JFUxUuHwIU/434sbzupsltjc.jpg.png': No such file or directory @ error/blob.c/OpenBlob/3527  
[2023-05-12 21:19:34] local.ERROR: unable to open image 'D:\OSPANEL\OSPanel\domains\UploadFileMainProject\UploadFile\storage\app/images/276JFUxUuHwIU/4716kpoxdnje4.jpg.png': No such file or directory @ error/blob.c/OpenBlob/3527  
[2023-05-12 21:19:34] local.ERROR: unable to open image 'D:\OSPANEL\OSPanel\domains\UploadFileMainProject\UploadFile\storage\app/images/276JFUxUuHwIU/586LqJRj9zIvf.jpg.png': No such file or directory @ error/blob.c/OpenBlob/3527  
[2023-05-12 21:19:34] local.ERROR: unable to open image 'D:\OSPANEL\OSPanel\domains\UploadFileMainProject\UploadFile\storage\app/images/276JFUxUuHwIU/623jg1bFiPmGC.jpg.png': No such file or directory @ error/blob.c/OpenBlob/3527  
[2023-05-12 21:19:34] local.ERROR: unable to open image 'D:\OSPANEL\OSPanel\domains\UploadFileMainProject\UploadFile\storage\app/images/276JFUxUuHwIU/654kHmTbi0PVL.jpg.png': No such file or directory @ error/blob.c/OpenBlob/3527  
[2023-05-12 21:19:34] local.ERROR: unable to open image 'D:\OSPANEL\OSPanel\domains\UploadFileMainProject\UploadFile\storage\app/images/276JFUxUuHwIU/693hcnfTSOEjo.jpg.png': No such file or directory @ error/blob.c/OpenBlob/3527  
[2023-05-12 21:19:34] local.ERROR: unable to open image 'D:\OSPANEL\OSPanel\domains\UploadFileMainProject\UploadFile\storage\app/images/276JFUxUuHwIU/738TSeALH7el1.jpg.png': No such file or directory @ error/blob.c/OpenBlob/3527  
[2023-05-12 21:19:35] local.ERROR: unable to open image 'D:\OSPANEL\OSPanel\domains\UploadFileMainProject\UploadFile\storage\app/images/276JFUxUuHwIU/941t0CMYR2rhX.jpg.png': No such file or directory @ error/blob.c/OpenBlob/3527  
[2023-05-12 21:19:35] local.ERROR: unable to open image 'D:\OSPANEL\OSPanel\domains\UploadFileMainProject\UploadFile\storage\app/images/276JFUxUuHwIU/9527c4TFWqZZT.jpg.png': No such file or directory @ error/blob.c/OpenBlob/3527  
[2023-05-12 21:19:35] local.ERROR: unable to open image 'D:\OSPANEL\OSPanel\domains\UploadFileMainProject\UploadFile\storage\app/images/276JFUxUuHwIU/9591h5ovLe7S2.jpg.png': No such file or directory @ error/blob.c/OpenBlob/3527  
[2023-05-12 21:40:27] local.ERROR: unable to open image 'D:\OSPANEL\OSPanel\domains\UploadFileMainProject\UploadFile\storage\app/public/images/6897N8IQ69knO/221a0xrZ0nLd4.jpg.jpg': No such file or directory @ error/blob.c/OpenBlob/3527  
[2023-05-12 21:40:27] local.ERROR: unable to open image 'D:\OSPANEL\OSPanel\domains\UploadFileMainProject\UploadFile\storage\app/public/images/6897N8IQ69knO/252s8Es39Ml41.jpg.jpg': No such file or directory @ error/blob.c/OpenBlob/3527  
[2023-05-12 21:40:27] local.ERROR: unable to open image 'D:\OSPANEL\OSPanel\domains\UploadFileMainProject\UploadFile\storage\app/public/images/6897N8IQ69knO/359KRM9eD4bKh.jpg.jpg': No such file or directory @ error/blob.c/OpenBlob/3527  
[2023-05-12 21:40:27] local.ERROR: unable to open image 'D:\OSPANEL\OSPanel\domains\UploadFileMainProject\UploadFile\storage\app/public/images/6897N8IQ69knO/367N7OwBNiTjw.jpg.jpg': No such file or directory @ error/blob.c/OpenBlob/3527  
[2023-05-12 21:40:27] local.ERROR: unable to open image 'D:\OSPANEL\OSPanel\domains\UploadFileMainProject\UploadFile\storage\app/public/images/6897N8IQ69knO/387vuosH8BNg3.jpg.jpg': No such file or directory @ error/blob.c/OpenBlob/3527  
[2023-05-12 21:40:27] local.ERROR: unable to open image 'D:\OSPANEL\OSPanel\domains\UploadFileMainProject\UploadFile\storage\app/public/images/6897N8IQ69knO/501c2YJhDRp3i.jpg.jpg': No such file or directory @ error/blob.c/OpenBlob/3527  
[2023-05-12 21:40:27] local.ERROR: unable to open image 'D:\OSPANEL\OSPanel\domains\UploadFileMainProject\UploadFile\storage\app/public/images/6897N8IQ69knO/564tOoqn6B040.jpg.jpg': No such file or directory @ error/blob.c/OpenBlob/3527  
[2023-05-12 21:40:27] local.ERROR: unable to open image 'D:\OSPANEL\OSPanel\domains\UploadFileMainProject\UploadFile\storage\app/public/images/6897N8IQ69knO/578RdLJWhzmO8.jpg.jpg': No such file or directory @ error/blob.c/OpenBlob/3527  
[2023-05-12 21:40:27] local.ERROR: unable to open image 'D:\OSPANEL\OSPanel\domains\UploadFileMainProject\UploadFile\storage\app/public/images/6897N8IQ69knO/585D3w0kOTOO7.jpg.jpg': No such file or directory @ error/blob.c/OpenBlob/3527  
[2023-05-12 21:40:27] local.ERROR: unable to open image 'D:\OSPANEL\OSPanel\domains\UploadFileMainProject\UploadFile\storage\app/public/images/6897N8IQ69knO/643A8gB0bw63X.jpg.jpg': No such file or directory @ error/blob.c/OpenBlob/3527  
[2023-05-12 21:40:27] local.ERROR: unable to open image 'D:\OSPANEL\OSPanel\domains\UploadFileMainProject\UploadFile\storage\app/public/images/6897N8IQ69knO/805b6hYfEYq9q.jpg.jpg': No such file or directory @ error/blob.c/OpenBlob/3527  
[2023-05-12 21:40:27] local.ERROR: unable to open image 'D:\OSPANEL\OSPanel\domains\UploadFileMainProject\UploadFile\storage\app/public/images/6897N8IQ69knO/867w7gmhkJFSC.jpg.jpg': No such file or directory @ error/blob.c/OpenBlob/3527  
[2023-05-12 21:41:50] local.ERROR: unable to open image 'D:\OSPANEL\OSPanel\domains\UploadFileMainProject\UploadFile\storage\public/images/17WofTkbjC6P/136dLZjRpFSTl.jpg.png': No such file or directory @ error/blob.c/OpenBlob/3527  
[2023-05-12 21:41:50] local.ERROR: unable to open image 'D:\OSPANEL\OSPanel\domains\UploadFileMainProject\UploadFile\storage\public/images/17WofTkbjC6P/239IXjs4XFv3G.jpg.png': No such file or directory @ error/blob.c/OpenBlob/3527  
[2023-05-12 21:41:50] local.ERROR: unable to open image 'D:\OSPANEL\OSPanel\domains\UploadFileMainProject\UploadFile\storage\public/images/17WofTkbjC6P/372JJVIFUEQet.jpg.png': No such file or directory @ error/blob.c/OpenBlob/3527  
[2023-05-12 21:41:50] local.ERROR: unable to open image 'D:\OSPANEL\OSPanel\domains\UploadFileMainProject\UploadFile\storage\public/images/17WofTkbjC6P/377S45G0xbA0K.jpg.png': No such file or directory @ error/blob.c/OpenBlob/3527  
[2023-05-12 21:41:50] local.ERROR: unable to open image 'D:\OSPANEL\OSPanel\domains\UploadFileMainProject\UploadFile\storage\public/images/17WofTkbjC6P/4429fvre2d9sZ.jpg.png': No such file or directory @ error/blob.c/OpenBlob/3527  
[2023-05-12 21:41:50] local.ERROR: unable to open image 'D:\OSPANEL\OSPanel\domains\UploadFileMainProject\UploadFile\storage\public/images/17WofTkbjC6P/491piTNfLhOEM.jpg.png': No such file or directory @ error/blob.c/OpenBlob/3527  
[2023-05-12 21:41:50] local.ERROR: unable to open image 'D:\OSPANEL\OSPanel\domains\UploadFileMainProject\UploadFile\storage\public/images/17WofTkbjC6P/502wo45f9fwCm.jpg.png': No such file or directory @ error/blob.c/OpenBlob/3527  
[2023-05-12 21:41:50] local.ERROR: unable to open image 'D:\OSPANEL\OSPanel\domains\UploadFileMainProject\UploadFile\storage\public/images/17WofTkbjC6P/565OopIzknmtR.png.png': No such file or directory @ error/blob.c/OpenBlob/3527  
[2023-05-12 21:41:50] local.ERROR: unable to open image 'D:\OSPANEL\OSPanel\domains\UploadFileMainProject\UploadFile\storage\public/images/17WofTkbjC6P/638YsrYBfBU16.png.png': No such file or directory @ error/blob.c/OpenBlob/3527  
[2023-05-12 21:41:50] local.ERROR: unable to open image 'D:\OSPANEL\OSPanel\domains\UploadFileMainProject\UploadFile\storage\public/images/17WofTkbjC6P/785I8HyG69xCZ.jpg.png': No such file or directory @ error/blob.c/OpenBlob/3527  
[2023-05-12 21:41:50] local.ERROR: unable to open image 'D:\OSPANEL\OSPanel\domains\UploadFileMainProject\UploadFile\storage\public/images/17WofTkbjC6P/820WFqxESAMAu.jpg.png': No such file or directory @ error/blob.c/OpenBlob/3527  
[2023-05-12 21:41:50] local.ERROR: unable to open image 'D:\OSPANEL\OSPanel\domains\UploadFileMainProject\UploadFile\storage\public/images/17WofTkbjC6P/834vLh38q2XQH.jpg.png': No such file or directory @ error/blob.c/OpenBlob/3527  
[2023-05-12 21:41:50] local.ERROR: unable to open image 'D:\OSPANEL\OSPanel\domains\UploadFileMainProject\UploadFile\storage\public/images/17WofTkbjC6P/838PRlgZmS6NM.jpg.png': No such file or directory @ error/blob.c/OpenBlob/3527  
[2023-05-12 21:41:50] local.ERROR: unable to open image 'D:\OSPANEL\OSPanel\domains\UploadFileMainProject\UploadFile\storage\public/images/17WofTkbjC6P/841oJaJN5NHOE.jpg.png': No such file or directory @ error/blob.c/OpenBlob/3527  
[2023-05-12 21:41:50] local.ERROR: unable to open image 'D:\OSPANEL\OSPanel\domains\UploadFileMainProject\UploadFile\storage\public/images/17WofTkbjC6P/88651QWSKCsnj.jpg.png': No such file or directory @ error/blob.c/OpenBlob/3527  
[2023-05-12 21:41:50] local.ERROR: unable to open image 'D:\OSPANEL\OSPanel\domains\UploadFileMainProject\UploadFile\storage\public/images/17WofTkbjC6P/916rtdqMvChk7.jpg.png': No such file or directory @ error/blob.c/OpenBlob/3527  
[2023-05-12 21:41:50] local.ERROR: unable to open image 'D:\OSPANEL\OSPanel\domains\UploadFileMainProject\UploadFile\storage\public/images/17WofTkbjC6P/971xzrqi3rAHU.jpg.png': No such file or directory @ error/blob.c/OpenBlob/3527  
[2023-05-12 21:41:50] local.ERROR: unable to open image 'D:\OSPANEL\OSPanel\domains\UploadFileMainProject\UploadFile\storage\public/images/17WofTkbjC6P/997HUWMguKjg9.jpg.png': No such file or directory @ error/blob.c/OpenBlob/3527  
[2023-05-12 21:57:05] local.ERROR: unable to open image 'D:\OSPANEL\OSPanel\domains\UploadFileMainProject\UploadFile\storage\app/public/images/39anOlLlqsSO/636aIP8tTyGtc.jpgjpg': No such file or directory @ error/blob.c/OpenBlob/3527  
[2023-05-12 21:57:08] local.ERROR: unable to open image 'D:\OSPANEL\OSPanel\domains\UploadFileMainProject\UploadFile\storage\app/public/images/39anOlLlqsSO/636aIP8tTyGtc.jpgjpg': No such file or directory @ error/blob.c/OpenBlob/3527  
[2023-05-12 21:57:09] local.ERROR: unable to open image 'D:\OSPANEL\OSPanel\domains\UploadFileMainProject\UploadFile\storage\app/public/images/39anOlLlqsSO/636aIP8tTyGtc.jpgjpg': No such file or directory @ error/blob.c/OpenBlob/3527  
[2023-05-12 21:58:19] local.ERROR: unable to open image 'D:\OSPANEL\OSPanel\domains\UploadFileMainProject\UploadFile\storage\app/public/images/137CirNe5Ko1W/190PNAnqivBqJ.jpgjpg': No such file or directory @ error/blob.c/OpenBlob/3527  
[2023-05-12 21:59:32] local.ERROR: unable to open image 'D:\OSPANEL\OSPanel\domains\UploadFileMainProject\UploadFile\storage\app/public/images/600qRJeCQCGqO/149r0SseqSyNU.jpgpng': No such file or directory @ error/blob.c/OpenBlob/3527  
[2023-05-12 21:59:32] local.ERROR: unable to open image 'D:\OSPANEL\OSPanel\domains\UploadFileMainProject\UploadFile\storage\app/public/images/600qRJeCQCGqO/209xLrPhpV6QI.jpgpng': No such file or directory @ error/blob.c/OpenBlob/3527  
[2023-05-12 21:59:32] local.ERROR: unable to open image 'D:\OSPANEL\OSPanel\domains\UploadFileMainProject\UploadFile\storage\app/public/images/600qRJeCQCGqO/300fTgmFzFONU.jpgpng': No such file or directory @ error/blob.c/OpenBlob/3527  
[2023-05-12 21:59:32] local.ERROR: unable to open image 'D:\OSPANEL\OSPanel\domains\UploadFileMainProject\UploadFile\storage\app/public/images/600qRJeCQCGqO/325Rc91MFzRao.jpgpng': No such file or directory @ error/blob.c/OpenBlob/3527  
[2023-05-12 21:59:32] local.ERROR: unable to open image 'D:\OSPANEL\OSPanel\domains\UploadFileMainProject\UploadFile\storage\app/public/images/600qRJeCQCGqO/421tNvIm4AaGZ.jpgpng': No such file or directory @ error/blob.c/OpenBlob/3527  
[2023-05-12 21:59:32] local.ERROR: unable to open image 'D:\OSPANEL\OSPanel\domains\UploadFileMainProject\UploadFile\storage\app/public/images/600qRJeCQCGqO/442I3X4Cq3uNc.jpgpng': No such file or directory @ error/blob.c/OpenBlob/3527  
[2023-05-12 21:59:32] local.ERROR: unable to open image 'D:\OSPANEL\OSPanel\domains\UploadFileMainProject\UploadFile\storage\app/public/images/600qRJeCQCGqO/531FSY6NJcrM0.jpgpng': No such file or directory @ error/blob.c/OpenBlob/3527  
[2023-05-12 21:59:32] local.ERROR: unable to open image 'D:\OSPANEL\OSPanel\domains\UploadFileMainProject\UploadFile\storage\app/public/images/600qRJeCQCGqO/6005kwRBAzvzU.jpgpng': No such file or directory @ error/blob.c/OpenBlob/3527  
[2023-05-12 21:59:32] local.ERROR: unable to open image 'D:\OSPANEL\OSPanel\domains\UploadFileMainProject\UploadFile\storage\app/public/images/600qRJeCQCGqO/618M5yhZayv5i.pngpng': No such file or directory @ error/blob.c/OpenBlob/3527  
[2023-05-12 21:59:32] local.ERROR: unable to open image 'D:\OSPANEL\OSPanel\domains\UploadFileMainProject\UploadFile\storage\app/public/images/600qRJeCQCGqO/657PiL2QOX3Be.jpgpng': No such file or directory @ error/blob.c/OpenBlob/3527  
[2023-05-12 21:59:32] local.ERROR: unable to open image 'D:\OSPANEL\OSPanel\domains\UploadFileMainProject\UploadFile\storage\app/public/images/600qRJeCQCGqO/695V5E2W93NLf.jpgpng': No such file or directory @ error/blob.c/OpenBlob/3527  
[2023-05-12 21:59:32] local.ERROR: unable to open image 'D:\OSPANEL\OSPanel\domains\UploadFileMainProject\UploadFile\storage\app/public/images/600qRJeCQCGqO/790beMrNBobDU.jpgpng': No such file or directory @ error/blob.c/OpenBlob/3527  
[2023-05-12 21:59:32] local.ERROR: unable to open image 'D:\OSPANEL\OSPanel\domains\UploadFileMainProject\UploadFile\storage\app/public/images/600qRJeCQCGqO/794ZdeXLnecDV.jpgpng': No such file or directory @ error/blob.c/OpenBlob/3527  
[2023-05-12 21:59:32] local.ERROR: unable to open image 'D:\OSPANEL\OSPanel\domains\UploadFileMainProject\UploadFile\storage\app/public/images/600qRJeCQCGqO/795rPm5P0CIfz.jpgpng': No such file or directory @ error/blob.c/OpenBlob/3527  
[2023-05-12 21:59:32] local.ERROR: unable to open image 'D:\OSPANEL\OSPanel\domains\UploadFileMainProject\UploadFile\storage\app/public/images/600qRJeCQCGqO/821toz8gqBGup.jpgpng': No such file or directory @ error/blob.c/OpenBlob/3527  
[2023-05-12 21:59:32] local.ERROR: unable to open image 'D:\OSPANEL\OSPanel\domains\UploadFileMainProject\UploadFile\storage\app/public/images/600qRJeCQCGqO/878K28CPShDMr.jpgpng': No such file or directory @ error/blob.c/OpenBlob/3527  
[2023-05-12 21:59:32] local.ERROR: unable to open image 'D:\OSPANEL\OSPanel\domains\UploadFileMainProject\UploadFile\storage\app/public/images/600qRJeCQCGqO/909TuhOu2mJMo.jpgpng': No such file or directory @ error/blob.c/OpenBlob/3527  
[2023-05-12 21:59:32] local.ERROR: unable to open image 'D:\OSPANEL\OSPanel\domains\UploadFileMainProject\UploadFile\storage\app/public/images/600qRJeCQCGqO/9261Pme83Ihin.pngpng': No such file or directory @ error/blob.c/OpenBlob/3527  
[2023-05-12 22:06:05] local.ERROR: unable to open image 'D:\OSPANEL\OSPanel\domains\UploadFileMainProject\UploadFile\storage\app/public/images/740g88vqn0cJu/D:\OSPANEL\OSPanel\domains\UploadFileMainProject\UploadFile\storage\app/public/images/740g88vqn0cJu\107lV7K3uK8rn.jpg': Invalid argument @ error/blob.c/OpenBlob/3527  
[2023-05-12 22:06:05] local.ERROR: unable to open image 'D:\OSPANEL\OSPanel\domains\UploadFileMainProject\UploadFile\storage\app/public/images/740g88vqn0cJu/D:\OSPANEL\OSPanel\domains\UploadFileMainProject\UploadFile\storage\app/public/images/740g88vqn0cJu\219h0cTy0c1PO.jpg': Invalid argument @ error/blob.c/OpenBlob/3527  
[2023-05-12 22:06:05] local.ERROR: unable to open image 'D:\OSPANEL\OSPanel\domains\UploadFileMainProject\UploadFile\storage\app/public/images/740g88vqn0cJu/D:\OSPANEL\OSPanel\domains\UploadFileMainProject\UploadFile\storage\app/public/images/740g88vqn0cJu\260WbGKDqMGT5.jpg': Invalid argument @ error/blob.c/OpenBlob/3527  
[2023-05-12 22:06:05] local.ERROR: unable to open image 'D:\OSPANEL\OSPanel\domains\UploadFileMainProject\UploadFile\storage\app/public/images/740g88vqn0cJu/D:\OSPANEL\OSPanel\domains\UploadFileMainProject\UploadFile\storage\app/public/images/740g88vqn0cJu\316MGQhUzDFGv.jpg': Invalid argument @ error/blob.c/OpenBlob/3527  
[2023-05-12 22:06:05] local.ERROR: unable to open image 'D:\OSPANEL\OSPanel\domains\UploadFileMainProject\UploadFile\storage\app/public/images/740g88vqn0cJu/D:\OSPANEL\OSPanel\domains\UploadFileMainProject\UploadFile\storage\app/public/images/740g88vqn0cJu\357u58vjSRGrL.jpg': Invalid argument @ error/blob.c/OpenBlob/3527  
[2023-05-12 22:06:05] local.ERROR: unable to open image 'D:\OSPANEL\OSPanel\domains\UploadFileMainProject\UploadFile\storage\app/public/images/740g88vqn0cJu/D:\OSPANEL\OSPanel\domains\UploadFileMainProject\UploadFile\storage\app/public/images/740g88vqn0cJu\389m33hoMdFdV.jpg': Invalid argument @ error/blob.c/OpenBlob/3527  
[2023-05-12 22:06:05] local.ERROR: unable to open image 'D:\OSPANEL\OSPanel\domains\UploadFileMainProject\UploadFile\storage\app/public/images/740g88vqn0cJu/D:\OSPANEL\OSPanel\domains\UploadFileMainProject\UploadFile\storage\app/public/images/740g88vqn0cJu\4114g9a7mKcq2.jpg': Invalid argument @ error/blob.c/OpenBlob/3527  
[2023-05-12 22:06:05] local.ERROR: unable to open image 'D:\OSPANEL\OSPanel\domains\UploadFileMainProject\UploadFile\storage\app/public/images/740g88vqn0cJu/D:\OSPANEL\OSPanel\domains\UploadFileMainProject\UploadFile\storage\app/public/images/740g88vqn0cJu\448fIAW0R8b3p.jpg': Invalid argument @ error/blob.c/OpenBlob/3527  
[2023-05-12 22:06:05] local.ERROR: unable to open image 'D:\OSPANEL\OSPanel\domains\UploadFileMainProject\UploadFile\storage\app/public/images/740g88vqn0cJu/D:\OSPANEL\OSPanel\domains\UploadFileMainProject\UploadFile\storage\app/public/images/740g88vqn0cJu\835m64UAAC7LB.jpg': Invalid argument @ error/blob.c/OpenBlob/3527  
[2023-05-12 22:06:05] local.ERROR: unable to open image 'D:\OSPANEL\OSPanel\domains\UploadFileMainProject\UploadFile\storage\app/public/images/740g88vqn0cJu/D:\OSPANEL\OSPanel\domains\UploadFileMainProject\UploadFile\storage\app/public/images/740g88vqn0cJu\909VWDyXmrZDq.jpg': Invalid argument @ error/blob.c/OpenBlob/3527  
[2023-05-12 22:06:05] local.ERROR: unable to open image 'D:\OSPANEL\OSPanel\domains\UploadFileMainProject\UploadFile\storage\app/public/images/740g88vqn0cJu/D:\OSPANEL\OSPanel\domains\UploadFileMainProject\UploadFile\storage\app/public/images/740g88vqn0cJu\9276TrOFgjj9n.jpg': Invalid argument @ error/blob.c/OpenBlob/3527  
[2023-05-12 22:07:44] local.ERROR: unable to open image 'D:\OSPANEL\OSPanel\domains\UploadFileMainProject\UploadFile\storage\app/public/images/294Mb1LjKAaXM/D:\OSPANEL\OSPanel\domains\UploadFileMainProject\UploadFile\storage\app/public/images/294Mb1LjKAaXM\5032oNgIZCZ9W.jpg': Invalid argument @ error/blob.c/OpenBlob/3527  
[2023-05-12 22:09:59] local.ERROR: unable to open image 'D:\OSPANEL\OSPanel\domains\UploadFileMainProject\UploadFile\storage\app/public/images/983R2Shs1LY8j/D:\OSPANEL\OSPanel\domains\UploadFileMainProject\UploadFile\storage\app/public/images/983R2Shs1LY8j\930mjQPnmUIUf.jpg': Invalid argument @ error/blob.c/OpenBlob/3527  
[2023-05-12 22:13:22] local.ERROR: unable to open image 'D:\OSPANEL\OSPanel\domains\UploadFileMainProject\UploadFile\storage\app/public/images/232698JX9ND1S/D:\OSPANEL\OSPanel\domains\UploadFileMainProject\UploadFile\storage\app/public/images/232698JX9ND1S\165rhKaqrnqhZ.jpg': Invalid argument @ error/blob.c/OpenBlob/3527  
[2023-05-17 08:50:33] local.ERROR: width or height exceeds limit `D:\OSPANEL\OSPanel\domains\UploadFileMainProject\UploadFile\storage\app/public/images/154lcyuPgOF4m/305KAcamFYW7w.ico' @ error/icon.c/WriteICONImage/927  
